<?xml version="1.0" encoding="UTF-8"?>
<!-- Generated by org.testng.reporters.JUnitXMLReporter -->
<testsuite hostname="Niharikas-MacBook-Pro.local" name="Default test" tests="6" failures="0" timestamp="11 Jun 2020 15:31:09 GMT" time="31.906" errors="0">
  <testcase name="login" time="11.896" classname="TestCases.LoginExcelDataProvider"/>
  <testcase name="login" time="9.803" classname="TestCases.LoginExcelDataProvider"/>
  <testcase name="login" time="9.534" classname="TestCases.LoginExcelDataProvider"/>
  <testcase name="testExcelData" time="0.001" classname="TestCases.LoginExcelDataProvider"/>
  <testcase name="testExcelData" time="0.001" classname="TestCases.LoginExcelDataProvider"/>
  <testcase name="testExcelData" time="0.001" classname="TestCases.LoginExcelDataProvider"/>
</testsuite> <!-- Default test -->
